<?xml version="1.0" encoding="UTF-8"?><asic:XAdESSignatures xmlns:asic="http://uri.etsi.org/02918/v1.2.1#"><ds:Signature xmlns:ds="http://www.w3.org/2000/09/xmldsig#" Id="id-ca80b781ca1f27c68f30eaef3c857f46"><ds:SignedInfo><ds:CanonicalizationMethod Algorithm="http://www.w3.org/2001/10/xml-exc-c14n#"/><ds:SignatureMethod Algorithm="http://www.w3.org/2001/04/xmldsig-more#ecdsa-sha256"/><ds:Reference Id="r-id-1" Type="" URI="hello.txt"><ds:DigestMethod Algorithm="http://www.w3.org/2001/04/xmlenc#sha256"/><ds:DigestValue>LPJNul+wow4m6DsqxbninhsWHlwfp0JecwQzYpOLmCQ=</ds:DigestValue></ds:Reference><ds:Reference Type="http://uri.etsi.org/01903#SignedProperties" URI="#xades-id-ca80b781ca1f27c68f30eaef3c857f46"><ds:Transforms><ds:Transform Algorithm="http://www.w3.org/2001/10/xml-exc-c14n#"/></ds:Transforms><ds:DigestMethod Algorithm="http://www.w3.org/2001/04/xmlenc#sha256"/><ds:DigestValue>3Vyy9W/WzRb9OGLNXVshvUcHW4EUTNhQby3uu9smVc8=</ds:DigestValue></ds:Reference></ds:SignedInfo><ds:SignatureValue Id="value-id-ca80b781ca1f27c68f30eaef3c857f46">qezKRqIgYKUfvyf4i+Pn5zu4oITWhO1CLAbZuO2wiDIaK6NpauXeOBSt4CZemvLuDlUhWdmt4KfEXEiQcE8EMg==</ds:SignatureValue><ds:KeyInfo><ds:X509Data><ds:X509Certificate>MIIDtTCCAp2gAwIBAgIQCmM1qGZhFr9S4PJBGBXlcjANBgkqhkiG9w0BAQUFADBsMQswCQYDVQQGEwJFRTEiMCAGA1UECgwZQVMgU2VydGlmaXRzZWVyaW1pc2tlc2t1czEfMB0GA1UEAwwWVEVTVCBvZiBFU1RFSUQtU0sgMjAxMTEYMBYGCSqGSIb3DQEJARYJcGtpQHNrLmVlMB4XDTE0MDEyMzEwNDMxMloXDTIzMDkwNzEyMDYwOVowIjELMAkGA1UEBhMCRUUxEzARBgNVBAMTCk1hZCBEb2cgT1kwWTATBgcqhkjOPQIBBggqhkjOPQMBBwNCAATYnz4GtECNGQmAfGsY8582wo3vkaDZPyWfQeoSJuY576jHT0BH2/g3uT1OCW+jBWZZ7lqmFN9BawU1OaUa1QY2o4IBZjCCAWIwCQYDVR0TBAIwADAOBgNVHQ8BAf8EBAMCBkAwgZkGA1UdIASBkTCBjjCBiwYKKwYBBAHOHwMDATB9MFgGCCsGAQUFBwICMEweSgBBAGkAbgB1AGwAdAAgAHQAZQBzAHQAaQBtAGkAcwBlAGsAcwAuACAATwBuAGwAeQAgAGYAbwByACAAdABlAHMAdABpAG4AZwAuMCEGCCsGAQUFBwIBFhVodHRwOi8vd3d3LnNrLmVlL2Nwcy8wHQYDVR0OBBYEFJX2Foj5xB95DvsUgcPnySc7dhQSMCIGCCsGAQUFBwEDBBYwFDAIBgYEAI5GAQEwCAYGBACORgEEMB8GA1UdIwQYMBaAFEG2/sWxsbRTE4z6+mLQNG1tIjQKMEUGA1UdHwQ+MDwwOqA4oDaGNGh0dHA6Ly93d3cuc2suZWUvcmVwb3NpdG9yeS9jcmxzL3Rlc3RfZXN0ZWlkMjAxMS5jcmwwDQYJKoZIhvcNAQEFBQADggEBAHR4+Dlqve8fFff3dsblKqAgjbwfi/eygJLmxjaKE47s+CS0UyM2GLamHO3VQnm8eA/x6Zxd9oMi0U0xGIpnZc4Nrp5oPr/v1Io99Kz2fLOJ5I+it5+JgfXN0N66nvoiybwTZ1UfmswkQTyw3OzNHNgYtVP+C+hvDHLGinoSTCsnbo4PWcs0HU/QxNOWubn8YIuRYC2zqB2NrAQZfXxtJ83nNDNq2ycNT5x1vZEDE25FDUNhXrl62c0Eq1kuD/KT6EzFz93Rm5oKBybVAFsYTt+Kr8Ag2DmWycpuihZTF2md/mm+5gUXwMQLkSftS/8q6pzR/q2vqvFr9CdcHSwwIa4=</ds:X509Certificate></ds:X509Data></ds:KeyInfo><ds:Object><xades:QualifyingProperties xmlns:xades="http://uri.etsi.org/01903/v1.3.2#" Target="#id-ca80b781ca1f27c68f30eaef3c857f46"><xades:SignedProperties Id="xades-id-ca80b781ca1f27c68f30eaef3c857f46"><xades:SignedSignatureProperties><xades:SigningTime>2018-06-19T13:38:32Z</xades:SigningTime><xades:SigningCertificate><xades:Cert><xades:CertDigest><ds:DigestMethod Algorithm="http://www.w3.org/2001/04/xmlenc#sha256"/><ds:DigestValue>4A4oPrCZFdTD4+UhOoCKLruQljQsh7SB2voztbN9AxU=</ds:DigestValue></xades:CertDigest><xades:IssuerSerial><ds:X509IssuerName>1.2.840.113549.1.9.1=#1609706b6940736b2e6565,CN=TEST of ESTEID-SK 2011,O=AS Sertifitseerimiskeskus,C=EE</ds:X509IssuerName><ds:X509SerialNumber>13807405656569246826846371376975439218</ds:X509SerialNumber></xades:IssuerSerial></xades:Cert></xades:SigningCertificate></xades:SignedSignatureProperties><xades:SignedDataObjectProperties><xades:DataObjectFormat ObjectReference="#r-id-1"><xades:MimeType>application/octet-stream</xades:MimeType></xades:DataObjectFormat></xades:SignedDataObjectProperties></xades:SignedProperties><xades:UnsignedProperties><xades:UnsignedSignatureProperties><xades:SignatureTimeStamp Id="TS-82ada3fb-b80c-48b8-96be-0f63ef8629a7"><ds:CanonicalizationMethod Algorithm="http://www.w3.org/2001/10/xml-exc-c14n#"/><xades:EncapsulatedTimeStamp Id="ETS-82ada3fb-b80c-48b8-96be-0f63ef8629a7">MIAGCSqGSIb3DQEHAqCAMIIHugIBAzEPMA0GCWCGSAFlAwQCAwUAMGwGCyqGSIb3DQEJEAEEoF0EWzBZAgEBBgYEAI9nAQEwMTANBglghkgBZQMEAgEFAAQgOmfHlTWV/1Trb2RDOo60iIiJwfeBfDC+ULH+ZJ/yQdsCCBZH6dgADriVGA8yMDE4MDYxOTEzMzg0MVqgggQZMIIEFTCCAv2gAwIBAgIQTqz7bCP8W45UBZa7tztTTDANBgkqhkiG9w0BAQsFADB9MQswCQYDVQQGEwJFRTEiMCAGA1UECgwZQVMgU2VydGlmaXRzZWVyaW1pc2tlc2t1czEwMC4GA1UEAwwnVEVTVCBvZiBFRSBDZXJ0aWZpY2F0aW9uIENlbnRyZSBSb290IENBMRgwFgYJKoZIhvcNAQkBFglwa2lAc2suZWUwHhcNMTQwOTAyMTAwNjUxWhcNMjQwOTAyMTAwNjUxWjBdMQswCQYDVQQGEwJFRTEiMCAGA1UECgwZQVMgU2VydGlmaXRzZWVyaW1pc2tlc2t1czEMMAoGA1UECwwDVFNBMRwwGgYDVQQDDBNERU1PIG9mIFNLIFRTQSAyMDE0MIIBIjANBgkqhkiG9w0BAQEFAAOCAQ8AMIIBCgKCAQEAysgrVnVPxH8jNgCsJw0y+7fmmBDTM/tNB+xielnP9KcuQ+nyTgNu1JMpnry7Rh4ndr54rPLXNGVdb/vsgsi8B558DisPVUn3Rur3/8XQ+BCkhTQIg1cSmyCsWxJgeaQKJi6WGVaQWB2he35aVhL5F6ae/gzXT3sGGwnWujZkY9o5RapGV15+/b7Uv+7jWYFAxcD6ba5jI00RY/gmsWwKb226Rnz/pXKDBfuN3ox7y5/lZf5+MyIcVe1qJe7VAJGpJFjNq+BEEdvfqvJ1PiGQEDJAPhRqahVjBSzqZhJQoL3HI42NRCFwarvdnZYoCPxjeYpAynTHgNR7kKGX1iQ8OQIDAQABo4GwMIGtMA4GA1UdDwEB/wQEAwIGwDAWBgNVHSUBAf8EDDAKBggrBgEFBQcDCDAdBgNVHQ4EFgQUJwScZQxzlzySVqZXviXpKZDV5NwwHwYDVR0jBBgwFoAUtTQKnaUvEMXnIQ6+xLFlRxsDdv4wQwYDVR0fBDwwOjA4oDagNIYyaHR0cHM6Ly93d3cuc2suZWUvcmVwb3NpdG9yeS9jcmxzL3Rlc3RfZWVjY3JjYS5jcmwwDQYJKoZIhvcNAQELBQADggEBAIq02SVKwP1UolKjqAQe7SVY/Kgi++G2kqAd40UmMqa94GTu91LFZR5TvdoyZjjnQ2ioXh5CV2lflUy/lUrZMDpqEe7IbjZW5+b9n5aBvXYJgDua9SYjMOrcy3siytqq8UbNgh79ubYgWhHhJSnLWK5YJ+5vQjTpOMdRsLp/D+FhTUa6mP0UDY+U82/tFufkd9HW4zbalUWhQgnNYI3oo0CsZ0HExuynOOZmM1Bf8PzD6etlLSKkYB+mB77Omqgflzz+Jjyh45o+305MRzHDFeJZx7WxC+XTNWQ0ZFTFfc0ozxxzUWUlfNfpWyQh3+4LbeSQRWrNkbNRfCpYotyM6AYxggMXMIIDEwIBATCBkTB9MQswCQYDVQQGEwJFRTEiMCAGA1UECgwZQVMgU2VydGlmaXRzZWVyaW1pc2tlc2t1czEwMC4GA1UEAwwnVEVTVCBvZiBFRSBDZXJ0aWZpY2F0aW9uIENlbnRyZSBSb290IENBMRgwFgYJKoZIhvcNAQkBFglwa2lAc2suZWUCEE6s+2wj/FuOVAWWu7c7U0wwDQYJYIZIAWUDBAIDBQCgggFWMBoGCSqGSIb3DQEJAzENBgsqhkiG9w0BCRABBDAcBgkqhkiG9w0BCQUxDxcNMTgwNjE5MTMzODQxWjBPBgkqhkiG9w0BCQQxQgRAxZl0yNh8WXZjutRNrzVNWTzuJAZwaoq64MfArmJ7tlp/7a2Ox7oWPGKyrBUVEDN+72VnSw8DmXnP8GFUKaIK7jCByAYLKoZIhvcNAQkQAgwxgbgwgbUwgbIwga8EFAKxl+94ruFx9qFHX1DqzGVx8fwLMIGWMIGBpH8wfTELMAkGA1UEBhMCRUUxIjAgBgNVBAoMGUFTIFNlcnRpZml0c2VlcmltaXNrZXNrdXMxMDAuBgNVBAMMJ1RFU1Qgb2YgRUUgQ2VydGlmaWNhdGlvbiBDZW50cmUgUm9vdCBDQTEYMBYGCSqGSIb3DQEJARYJcGtpQHNrLmVlAhBOrPtsI/xbjlQFlru3O1NMMA0GCSqGSIb3DQEBAQUABIIBACTUPm76oReAR7LwF2nP/0Te6M+F/1YNNs6HcwYO4JKn4DtQxz1HHMujbysS899tshX0XaFASZgXAS4V05p804U1TnBtRM6csfxs9QW3fWWzJEyvpeRk8GsvcB/E3rETl0jfPinqETvMp3pLjTp23vjuhm0s+irUUI68HNpDrJa1NboOLf40g0oJ/3VgeUp4XEGDpSz1GDONGGxua161sHGCfG0iLoscRFmfkPxtc/jEluc5ca1RBAkfMiL9S+TvVcGGT1woMms7RM3vGip46JpW9Uyft93Bj0fVn8euxXkb9yn7fcsAgL2f3+Rk75YmOyqOmrneeYPsxFyhxXM9iuQAAAAA</xades:EncapsulatedTimeStamp></xades:SignatureTimeStamp><xades:CertificateValues><xades:EncapsulatedX509Certificate>MIIEuzCCA6OgAwIBAgIQSxRID7FoIaNNdNhBeucLvDANBgkqhkiG9w0BAQUFADB9MQswCQYDVQQGEwJFRTEiMCAGA1UECgwZQVMgU2VydGlmaXRzZWVyaW1pc2tlc2t1czEwMC4GA1UEAwwnVEVTVCBvZiBFRSBDZXJ0aWZpY2F0aW9uIENlbnRyZSBSb290IENBMRgwFgYJKoZIhvcNAQkBFglwa2lAc2suZWUwHhcNMTEwMzA3MTMwNjA5WhcNMjMwOTA3MTIwNjA5WjBsMQswCQYDVQQGEwJFRTEiMCAGA1UECgwZQVMgU2VydGlmaXRzZWVyaW1pc2tlc2t1czEfMB0GA1UEAwwWVEVTVCBvZiBFU1RFSUQtU0sgMjAxMTEYMBYGCSqGSIb3DQEJARYJcGtpQHNrLmVlMIIBIjANBgkqhkiG9w0BAQEFAAOCAQ8AMIIBCgKCAQEA0SMr+A2QGMJuNpu60MgqKG0yLL7JfvjNtgs2hqWADDn1AQeD79o+8r4SRYp9kowSFA8E1v38XXTHRq3nSZeToOC5DMAWjsKlm4x8hwwp31BXCs/Hrl9VmikIgAlaHvv3Z+MzS6qeLdzyYi/glPVrY42A6/kBApOJlOVLvAFdySNmFkY+Ky7MZ9jbBr+Nx4py/V7xm9VD62Oe1lku4S4qd+VYcQ5jftbr4OFjBp9Nn58/5svQxrLjv3B67i19d7sNh7UPnMiO6BeBb6yb3P1lqdHofE1lElStIPViJlzjPOh4puxWadHDvVYUCJgW2aM58mTfjFhZbVfcrVn5OyIiTQIDAQABo4IBRjCCAUIwDwYDVR0TAQH/BAUwAwEB/zAOBgNVHQ8BAf8EBAMCAQYwgZkGA1UdIASBkTCBjjCBiwYKKwYBBAHOHwMBATB9MFgGCCsGAQUFBwICMEweSgBBAGkAbgB1AGwAdAAgAHQAZQBzAHQAaQBtAGkAcwBlAGsAcwAuACAATwBuAGwAeQAgAGYAbwByACAAdABlAHMAdABpAG4AZwAuMCEGCCsGAQUFBwIBFhVodHRwczovL3d3dy5zay5lZS9DUFMwHQYDVR0OBBYEFEG2/sWxsbRTE4z6+mLQNG1tIjQKMB8GA1UdIwQYMBaAFLU0Cp2lLxDF5yEOvsSxZUcbA3b+MEMGA1UdHwQ8MDowOKA2oDSGMmh0dHBzOi8vd3d3LnNrLmVlL3JlcG9zaXRvcnkvY3Jscy90ZXN0X2VlY2NyY2EuY3JsMA0GCSqGSIb3DQEBBQUAA4IBAQBdh5R23K7qkrO78j51xN6CR2qwxUcK/cgcTLWv0obPmJ7jRax3PX0pFhaUE6EhAR0dgS4u6XZrjPgVrt/mwq1h8lJP1MF2ueAHKyS0SGj7aFLkcC+ULwu1k6yiortFJ0Ds49ZGA+ioGzYWPQ+g1Zl4wSDIz52ot0cHUijnf39Szq7E2z7MDfZkYg8HZeHrO493EFghXcnSH7J7z47cgP3GWFNUKv1V2c0eVE4OxRulZ3KmBLPWbJKZ0TyGa/Aooc+TorEjxz//WzcF/Sklp4FeD0MU39UURIlg7LfEcm832bPzZzVGFd4drBd5Dy0Uquu63kW7RDqr+wQFSxKr9DIH</xades:EncapsulatedX509Certificate><xades:EncapsulatedX509Certificate Id="id-ca80b781ca1f27c68f30eaef3c857f46-RESPONDER_CERT-0">MIIEijCCA3KgAwIBAgIQaI8x6BnacYdNdNwlYnn/mzANBgkqhkiG9w0BAQUFADB9MQswCQYDVQQGEwJFRTEiMCAGA1UECgwZQVMgU2VydGlmaXRzZWVyaW1pc2tlc2t1czEwMC4GA1UEAwwnVEVTVCBvZiBFRSBDZXJ0aWZpY2F0aW9uIENlbnRyZSBSb290IENBMRgwFgYJKoZIhvcNAQkBFglwa2lAc2suZWUwHhcNMTEwMzA3MTMyMjQ1WhcNMjQwOTA3MTIyMjQ1WjCBgzELMAkGA1UEBhMCRUUxIjAgBgNVBAoMGUFTIFNlcnRpZml0c2VlcmltaXNrZXNrdXMxDTALBgNVBAsMBE9DU1AxJzAlBgNVBAMMHlRFU1Qgb2YgU0sgT0NTUCBSRVNQT05ERVIgMjAxMTEYMBYGCSqGSIb3DQEJARYJcGtpQHNrLmVlMIIBIjANBgkqhkiG9w0BAQEFAAOCAQ8AMIIBCgKCAQEA0cw6Cja17BbYbHi6frwccDI4BIQLk/fiCE8L45os0xhPgEGR+EHE8LPCIqofPgf4gwN1vDE6cQNUlK0Od+Ush39i9Z45esnfpGq+2HsDJaFmFr5+uC1MEz5Kn1TazEvKbRjkGnSQ9BertlGer2BlU/kqOk5qA5RtJfhT0psc1ixKdPipv59wnf+nHx1+T+fPWndXVZLoDg4t3w8lIvIE/KhOSMlErvBIHIAKV7yH1hOxyeGLghqzMiAn3UeTEOgoOS9URv0C/T5C3mH+Y/uakMSxjNuz41PneimCzbEJZJRiEaMIj8qPAubcbL8GtY03MWmfNtX6/wh6u6TMfW8S2wIDAQABo4H+MIH7MBYGA1UdJQEB/wQMMAoGCCsGAQUFBwMJMB0GA1UdDgQWBBR9/5CuRokEgGiqSzYuZGYAogl8TzCBoAYDVR0gBIGYMIGVMIGSBgorBgEEAc4fAwEBMIGDMFgGCCsGAQUFBwICMEweSgBBAGkAbgB1AGwAdAAgAHQAZQBzAHQAaQBtAGkAcwBlAGsAcwAuACAATwBuAGwAeQAgAGYAbwByACAAdABlAHMAdABpAG4AZwAuMCcGCCsGAQUFBwIBFhtodHRwOi8vd3d3LnNrLmVlL2FqYXRlbXBlbC8wHwYDVR0jBBgwFoAUtTQKnaUvEMXnIQ6+xLFlRxsDdv4wDQYJKoZIhvcNAQEFBQADggEBAAbaj7kTruTAPHqToye9ZtBdaJ3FZjiKug9/5RjsMwDpOeqFDqCorLd+DBI4tgdu0g4lhaI3aVnKdRBkGV18kqp84uU97JRFWQEf6H8hpJ9k/LzAACkP3tD+0ym+md532mV+nRz1Jj+RPLAUk9xYMV7KPczZN1xnl2wZDJwBbQpcSVH1DjlZv3tFLHBLIYTS6qOK4SxStcgRq7KdRczfW6mfXzTCRWM3G9nmDei5Q3+XTED41j8szRWglzYf6zOv4djkja64WYraQ5zb4x8Xh7qTCk6UupZ7je+0oRfuz0h/3zyRdjcRPkjloSpQp/NG8Rmrcnr874p8d9fdwCrRI7U=</xades:EncapsulatedX509Certificate></xades:CertificateValues><xades:RevocationValues><xades:OCSPValues><xades:EncapsulatedOCSPValue>MIIG+woBAKCCBvQwggbwBgkrBgEFBQcwAQEEggbhMIIG3TCCAS+hgYYwgYMxCzAJBgNVBAYTAkVFMSIwIAYDVQQKDBlBUyBTZXJ0aWZpdHNlZXJpbWlza2Vza3VzMQ0wCwYDVQQLDARPQ1NQMScwJQYDVQQDDB5URVNUIG9mIFNLIE9DU1AgUkVTUE9OREVSIDIwMTExGDAWBgkqhkiG9w0BCQEWCXBraUBzay5lZRgPMjAxODA2MTkxMzM4NDJaMGAwXjBJMAkGBSsOAwIaBQAEFJlSx0SY5H6TNo4LfCcJivmxW5RQBBRBtv7FsbG0UxOM+vpi0DRtbSI0CgIQCmM1qGZhFr9S4PJBGBXlcoAAGA8yMDE4MDYxOTEzMzg0MlqhMTAvMC0GCSsGAQUFBzABAgQgs/uiQF2G+7v7oybEdcCI1LQ+st1CMQ0weM7pKEKbSXIwDQYJKoZIhvcNAQELBQADggEBAMkQXx7e6q0IWaoDaIQoGlmzJhY+mznaXGpcdWUfYkV+rOpChTSxHPZP98jkhGgzdv3eKx3rgnPLlu0GRNY4lRLiallINGap8/o9kSAly8nsWOQbe44I4zw9+q73RzPWmkHgLa7K6+Afrtu8iREsbIcq7QHpHdGdtryNRG3Z3hfy/Z5q8Qb0fuzMdpuvWNRERiFVYAv8ehuhmNeHMheEySb/aN7IDnG6rDo4E4Nvsf862bNYsn1D/EMzS+ZOKJlTEstOePhhXIN5T7JyeepPCpHCgx4v5qDo4YcK9lkKvSZkuYd4/6UTQBDCcKzNOL3xY7ZjCjNj/5rG0RIeWB1jobSgggSSMIIEjjCCBIowggNyoAMCAQICEGiPMegZ2nGHTXTcJWJ5/5swDQYJKoZIhvcNAQEFBQAwfTELMAkGA1UEBhMCRUUxIjAgBgNVBAoMGUFTIFNlcnRpZml0c2VlcmltaXNrZXNrdXMxMDAuBgNVBAMMJ1RFU1Qgb2YgRUUgQ2VydGlmaWNhdGlvbiBDZW50cmUgUm9vdCBDQTEYMBYGCSqGSIb3DQEJARYJcGtpQHNrLmVlMB4XDTExMDMwNzEzMjI0NVoXDTI0MDkwNzEyMjI0NVowgYMxCzAJBgNVBAYTAkVFMSIwIAYDVQQKDBlBUyBTZXJ0aWZpdHNlZXJpbWlza2Vza3VzMQ0wCwYDVQQLDARPQ1NQMScwJQYDVQQDDB5URVNUIG9mIFNLIE9DU1AgUkVTUE9OREVSIDIwMTExGDAWBgkqhkiG9w0BCQEWCXBraUBzay5lZTCCASIwDQYJKoZIhvcNAQEBBQADggEPADCCAQoCggEBANHMOgo2tewW2Gx4un68HHAyOASEC5P34ghPC+OaLNMYT4BBkfhBxPCzwiKqHz4H+IMDdbwxOnEDVJStDnflLId/YvWeOXrJ36Rqvth7AyWhZha+frgtTBM+Sp9U2sxLym0Y5Bp0kPQXq7ZRnq9gZVP5KjpOagOUbSX4U9KbHNYsSnT4qb+fcJ3/px8dfk/nz1p3V1WS6A4OLd8PJSLyBPyoTkjJRK7wSByACle8h9YTscnhi4IaszIgJ91HkxDoKDkvVEb9Av0+Qt5h/mP7mpDEsYzbs+NT53opgs2xCWSUYhGjCI/KjwLm3Gy/BrWNNzFpnzbV+v8IerukzH1vEtsCAwEAAaOB/jCB+zAWBgNVHSUBAf8EDDAKBggrBgEFBQcDCTAdBgNVHQ4EFgQUff+QrkaJBIBoqks2LmRmAKIJfE8wgaAGA1UdIASBmDCBlTCBkgYKKwYBBAHOHwMBATCBgzBYBggrBgEFBQcCAjBMHkoAQQBpAG4AdQBsAHQAIAB0AGUAcwB0AGkAbQBpAHMAZQBrAHMALgAgAE8AbgBsAHkAIABmAG8AcgAgAHQAZQBzAHQAaQBuAGcALjAnBggrBgEFBQcCARYbaHR0cDovL3d3dy5zay5lZS9hamF0ZW1wZWwvMB8GA1UdIwQYMBaAFLU0Cp2lLxDF5yEOvsSxZUcbA3b+MA0GCSqGSIb3DQEBBQUAA4IBAQAG2o+5E67kwDx6k6MnvWbQXWidxWY4iroPf+UY7DMA6TnqhQ6gqKy3fgwSOLYHbtIOJYWiN2lZynUQZBldfJKqfOLlPeyURVkBH+h/IaSfZPy8wAApD97Q/tMpvpned9plfp0c9SY/kTywFJPcWDFeyj3M2TdcZ5dsGQycAW0KXElR9Q45Wb97RSxwSyGE0uqjiuEsUrXIEauynUXM31upn180wkVjNxvZ5g3ouUN/l0xA+NY/LM0VoJc2H+szr+HY5I2uuFmK2kOc2+MfF4e6kwpOlLqWe43vtKEX7s9If988kXY3ET5I5aEqUKfzRvEZq3J6/O+KfHfX3cAq0SO1</xades:EncapsulatedOCSPValue></xades:OCSPValues></xades:RevocationValues></xades:UnsignedSignatureProperties></xades:UnsignedProperties></xades:QualifyingProperties></ds:Object></ds:Signature></asic:XAdESSignatures>