<?xml version="1.0" encoding="UTF-8"?>
<asic:XAdESSignatures xmlns:asic="http://uri.etsi.org/02918/v1.2.1#">
    <ds:Signature Id="id-168ef7d05729874fab1a88705b09b5bb" xmlns:ds="http://www.w3.org/2000/09/xmldsig#">
        <ds:SignedInfo>
            <ds:CanonicalizationMethod Algorithm="http://www.w3.org/2001/10/xml-exc-c14n#"/>
            <ds:SignatureMethod Algorithm="http://www.w3.org/2001/04/xmldsig-more#rsa-sha256"/>
            <ds:Reference Id="r-id-1" Type="" URI="test.txt">
                <ds:DigestMethod Algorithm="http://www.w3.org/2001/04/xmlenc#sha256"/>
                <ds:DigestValue>RqDqtqi3rTsWj07rrWc5kATAZIw7T1XHP/NPLCF05RU=</ds:DigestValue>
            </ds:Reference>
            <ds:Reference Type="http://uri.etsi.org/01903#SignedProperties" URI="#xades-id-168ef7d05729874fab1a88705b09b5bb">
                <ds:Transforms>
                    <ds:Transform Algorithm="http://www.w3.org/2001/10/xml-exc-c14n#"/>
                </ds:Transforms>
                <ds:DigestMethod Algorithm="http://www.w3.org/2001/04/xmlenc#sha256"/>
                <ds:DigestValue>2lhho2l45Lo8s0Iph/AVyGkFOxppvFyF2hYfFdwKJPo=</ds:DigestValue>
            </ds:Reference>
        </ds:SignedInfo>
        <ds:SignatureValue Id="value-id-168ef7d05729874fab1a88705b09b5bb">gGbnG1azVIUDWzVx/BGAkhJOWr8bnFVMJn6rpzGvVEr2jg9RghNUgEAzJvu7lOooUYVnU/12HmtbGjpfJnU9XfiipC7QkbCjrVZGy4L2vTHUWykLTFw2ubh/tIOOJgW6hAZEgApwWO0T3Pam7ZK9S9G9AshLQuQTacJSIVKgyEwcjHmBkOLNX4QMXkugXWfN8A0BBksl6s8JUW5FiMUgu1MkHBCdXwe8FDXBtwclEiMF4IGGtyP9YHwzQJsYXC7JxqOmapSvklQPdXbFmxLGOezA9/nF23aSL8ANMHVMyTD7ToSCWUM8ZAknFOZ8ooNPQGq8ocXfKBa9Yo+OV5mtww==</ds:SignatureValue>
        <ds:KeyInfo>
            <ds:X509Data>
                <ds:X509Certificate>MIIFEzCCA/ugAwIBAgIQSXxaK/qTYahTT77Z9I56EjANBgkqhkiG9w0BAQUFADBsMQswCQYDVQQGEwJFRTEiMCAGA1UECgwZQVMgU2VydGlmaXRzZWVyaW1pc2tlc2t1czEfMB0GA1UEAwwWVEVTVCBvZiBFU1RFSUQtU0sgMjAxMTEYMBYGCSqGSIb3DQEJARYJcGtpQHNrLmVlMB4XDTE0MDQxNzExNDUyOVoXDTE2MDQxMjIwNTk1OVowgbQxCzAJBgNVBAYTAkVFMQ8wDQYDVQQKDAZFU1RFSUQxGjAYBgNVBAsMEWRpZ2l0YWwgc2lnbmF0dXJlMTEwLwYDVQQDDCjFvcOVUklOw5xXxaBLWSxNw4RSw5wtTMOWw5ZaLDExNDA0MTc2ODY1MRcwFQYDVQQEDA7FvcOVUklOw5xXxaBLWTEWMBQGA1UEKgwNTcOEUsOcLUzDlsOWWjEUMBIGA1UEBRMLMTE0MDQxNzY4NjUwggEiMA0GCSqGSIb3DQEBAQUAA4IBDwAwggEKAoIBAQChn9qVaA+x3RkDBrD5ujwfnreK5/Nb+Nvo9Vg5OLMn3JKUoUhFX6A/q5lBUylK/CU/lNRTv/kicqnu1aCyAiW0XVYk8jrOI1wRbHeyBMq/5gVm/vbbRtMi/XGLkgMZ5UDxY0QZfmu8wlRJ8164zRNocuUJLLXWOB6vda2RRXC3Cix4TDvQwGmPrQQJ8dzDIJEkLS7NCLBTcndm7buQegRc043gKMjUmRhGZEzF4oJa4pMfXqeSa+PUtrNyNNNQaOwTH29R8aFfGU2xorVvxoUieNipyWMEz8BTUGwwIceapWi77loBV/VQfStXnQNu/s6BC04ss43O6sK70MB1qlRZAgMBAAGjggFmMIIBYjAJBgNVHRMEAjAAMA4GA1UdDwEB/wQEAwIGQDCBmQYDVR0gBIGRMIGOMIGLBgorBgEEAc4fAwEBMH0wWAYIKwYBBQUHAgIwTB5KAEEAaQBuAHUAbAB0ACAAdABlAHMAdABpAG0AaQBzAGUAawBzAC4AIABPAG4AbAB5ACAAZgBvAHIAIAB0AGUAcwB0AGkAbgBnAC4wIQYIKwYBBQUHAgEWFWh0dHA6Ly93d3cuc2suZWUvY3BzLzAdBgNVHQ4EFgQUEjVsOkaNOGG0GlcF4icqxL0u4YcwIgYIKwYBBQUHAQMEFjAUMAgGBgQAjkYBATAIBgYEAI5GAQQwHwYDVR0jBBgwFoAUQbb+xbGxtFMTjPr6YtA0bW0iNAowRQYDVR0fBD4wPDA6oDigNoY0aHR0cDovL3d3dy5zay5lZS9yZXBvc2l0b3J5L2NybHMvdGVzdF9lc3RlaWQyMDExLmNybDANBgkqhkiG9w0BAQUFAAOCAQEAYTJLbScA3+Xh/s29Qoc0cLjXW3SVkFP/U71/CCIBQ0ygmCAXiQIp/7X7JonY4aDz5uTmq742zZgq5FA3c3b4NtRzoiJXFUWQWZOPE6Ep4Y07Lpbn04sypRKbVEN9TZwDy3elVq84BcX/7oQYliTgj5EaUvpe7MIvkK4DWwrk2ffx9GRW+qQzzjn+OLhFJbT/QWi81Q2CrX34GmYGrDTC/thqr5WoPELKRg6a0v3mvOCVtfIxJx7NKK4B6PGhuTl83hGzTc+Wwbaxwjqzl/SUwCNd2R8GV8EkhYH8Kay3Ac7Qx3agrJJ6H8j+h+nCKLjIdYImvnznKyR0N2CRc/zQ+g==</ds:X509Certificate>
            </ds:X509Data>
        </ds:KeyInfo>
        <ds:Object>
            <xades:QualifyingProperties Target="#id-168ef7d05729874fab1a88705b09b5bb" xmlns:xades="http://uri.etsi.org/01903/v1.3.2#">
                <xades:SignedProperties Id="xades-id-168ef7d05729874fab1a88705b09b5bb">
                    <xades:SignedSignatureProperties>
                        <xades:SigningTime>2016-02-09T15:38:07Z</xades:SigningTime>
                        <xades:SigningCertificate>
                            <xades:Cert>
                                <xades:CertDigest>
                                    <ds:DigestMethod Algorithm="http://www.w3.org/2001/04/xmlenc#sha256"/>
                                    <ds:DigestValue>lxzB/OvDmQQFJTyQu2qz1k97hHhYTar2xeGkss8dLEg=</ds:DigestValue>
                                </xades:CertDigest>
                                <xades:IssuerSerial>
                                    <ds:X509IssuerName>1.2.840.113549.1.9.1=#1609706b6940736b2e6565,CN=TEST of ESTEID-SK 2011,O=AS Sertifitseerimiskeskus,C=EE</ds:X509IssuerName>
                                    <ds:X509SerialNumber>97679317403981919837045055800589842962</ds:X509SerialNumber>
                                </xades:IssuerSerial>
                            </xades:Cert>
                        </xades:SigningCertificate>
                        <xades:SignatureProductionPlace>
                            <xades:City>Tallinn</xades:City>
                            <xades:PostalCode>13456</xades:PostalCode>
                            <xades:StateOrProvince>Harjumaa</xades:StateOrProvince>
                            <xades:CountryName>Estonia</xades:CountryName>
                        </xades:SignatureProductionPlace>
                        <xades:SignerRole>
                            <xades:ClaimedRoles>
                                <xades:ClaimedRole>Manager</xades:ClaimedRole>
                                <xades:ClaimedRole>Suspicious Fisherman</xades:ClaimedRole>
                            </xades:ClaimedRoles>
                        </xades:SignerRole>
                    </xades:SignedSignatureProperties>
                    <xades:SignedDataObjectProperties>
                        <xades:DataObjectFormat ObjectReference="#r-id-1">
                            <xades:MimeType>text/plain</xades:MimeType>
                        </xades:DataObjectFormat>
                    </xades:SignedDataObjectProperties>
                </xades:SignedProperties>
                <xades:UnsignedProperties>
                    <xades:UnsignedSignatureProperties>
                        <xades:SignatureTimeStamp Id="TS-eae24eae-ccfc-4fad-bc18-b1e7bd69cb23" xmlns:xades="http://uri.etsi.org/01903/v1.3.2#">
                            <ds:CanonicalizationMethod Algorithm="http://www.w3.org/2001/10/xml-exc-c14n#" xmlns:ds="http://www.w3.org/2000/09/xmldsig#"/>
                            <xades:EncapsulatedTimeStamp Id="ETS-eae24eae-ccfc-4fad-bc18-b1e7bd69cb23">MIAGCSqGSIb3DQEHAqCAMIIHugIBAzEPMA0GCWCGSAFlAwQCAwUAMGwGCyqGSIb3DQEJEAEEoF0EWzBZAgEBBgYEAI9nAQEwMTANBglghkgBZQMEAgEFAAQg+DgZQxxwIWzpKzMC1yZtADRKl+eg0STIsuR/gxJjcncCCDoO0UyahMfVGA8yMDE2MDIwOTE1MzgwOFqgggQZMIIEFTCCAv2gAwIBAgIQTqz7bCP8W45UBZa7tztTTDANBgkqhkiG9w0BAQsFADB9MQswCQYDVQQGEwJFRTEiMCAGA1UECgwZQVMgU2VydGlmaXRzZWVyaW1pc2tlc2t1czEwMC4GA1UEAwwnVEVTVCBvZiBFRSBDZXJ0aWZpY2F0aW9uIENlbnRyZSBSb290IENBMRgwFgYJKoZIhvcNAQkBFglwa2lAc2suZWUwHhcNMTQwOTAyMTAwNjUxWhcNMjQwOTAyMTAwNjUxWjBdMQswCQYDVQQGEwJFRTEiMCAGA1UECgwZQVMgU2VydGlmaXRzZWVyaW1pc2tlc2t1czEMMAoGA1UECwwDVFNBMRwwGgYDVQQDDBNERU1PIG9mIFNLIFRTQSAyMDE0MIIBIjANBgkqhkiG9w0BAQEFAAOCAQ8AMIIBCgKCAQEAysgrVnVPxH8jNgCsJw0y+7fmmBDTM/tNB+xielnP9KcuQ+nyTgNu1JMpnry7Rh4ndr54rPLXNGVdb/vsgsi8B558DisPVUn3Rur3/8XQ+BCkhTQIg1cSmyCsWxJgeaQKJi6WGVaQWB2he35aVhL5F6ae/gzXT3sGGwnWujZkY9o5RapGV15+/b7Uv+7jWYFAxcD6ba5jI00RY/gmsWwKb226Rnz/pXKDBfuN3ox7y5/lZf5+MyIcVe1qJe7VAJGpJFjNq+BEEdvfqvJ1PiGQEDJAPhRqahVjBSzqZhJQoL3HI42NRCFwarvdnZYoCPxjeYpAynTHgNR7kKGX1iQ8OQIDAQABo4GwMIGtMA4GA1UdDwEB/wQEAwIGwDAWBgNVHSUBAf8EDDAKBggrBgEFBQcDCDAdBgNVHQ4EFgQUJwScZQxzlzySVqZXviXpKZDV5NwwHwYDVR0jBBgwFoAUtTQKnaUvEMXnIQ6+xLFlRxsDdv4wQwYDVR0fBDwwOjA4oDagNIYyaHR0cHM6Ly93d3cuc2suZWUvcmVwb3NpdG9yeS9jcmxzL3Rlc3RfZWVjY3JjYS5jcmwwDQYJKoZIhvcNAQELBQADggEBAIq02SVKwP1UolKjqAQe7SVY/Kgi++G2kqAd40UmMqa94GTu91LFZR5TvdoyZjjnQ2ioXh5CV2lflUy/lUrZMDpqEe7IbjZW5+b9n5aBvXYJgDua9SYjMOrcy3siytqq8UbNgh79ubYgWhHhJSnLWK5YJ+5vQjTpOMdRsLp/D+FhTUa6mP0UDY+U82/tFufkd9HW4zbalUWhQgnNYI3oo0CsZ0HExuynOOZmM1Bf8PzD6etlLSKkYB+mB77Omqgflzz+Jjyh45o+305MRzHDFeJZx7WxC+XTNWQ0ZFTFfc0ozxxzUWUlfNfpWyQh3+4LbeSQRWrNkbNRfCpYotyM6AYxggMXMIIDEwIBATCBkTB9MQswCQYDVQQGEwJFRTEiMCAGA1UECgwZQVMgU2VydGlmaXRzZWVyaW1pc2tlc2t1czEwMC4GA1UEAwwnVEVTVCBvZiBFRSBDZXJ0aWZpY2F0aW9uIENlbnRyZSBSb290IENBMRgwFgYJKoZIhvcNAQkBFglwa2lAc2suZWUCEE6s+2wj/FuOVAWWu7c7U0wwDQYJYIZIAWUDBAIDBQCgggFWMBoGCSqGSIb3DQEJAzENBgsqhkiG9w0BCRABBDAcBgkqhkiG9w0BCQUxDxcNMTYwMjA5MTUzODA4WjBPBgkqhkiG9w0BCQQxQgRAZKkEw+2ACrybP8ILOTorcL07WChhj41tWA0izQs8aEyCA+hfsn/8sC14LfVK85dBfvz2f1CSFyCYXiNzoYsaJzCByAYLKoZIhvcNAQkQAgwxgbgwgbUwgbIwga8EFAKxl+94ruFx9qFHX1DqzGVx8fwLMIGWMIGBpH8wfTELMAkGA1UEBhMCRUUxIjAgBgNVBAoMGUFTIFNlcnRpZml0c2VlcmltaXNrZXNrdXMxMDAuBgNVBAMMJ1RFU1Qgb2YgRUUgQ2VydGlmaWNhdGlvbiBDZW50cmUgUm9vdCBDQTEYMBYGCSqGSIb3DQEJARYJcGtpQHNrLmVlAhBOrPtsI/xbjlQFlru3O1NMMA0GCSqGSIb3DQEBAQUABIIBAAOafixpr9xadonUmC0amUoEJFE3cFE5JJTocUULJIfCxVhyMnfHsWTuP71LEX3ZV82JT+tV1XQGirElo8XRC9cgEGThfE3xCCaJPZbrA5e5hsawdOM2YvIHrhqtKaCz9gcgnUX81qpRSlpqiuqWJVjRBYfVubl24Vpo5VZN2ibqDSnS2AUaRX51w+3amsdUQdC1IZ9q0Xiz0n6FTqg/RGxAFhkdXWH302FTvOM9U6N8UrAVufzyNH36CDUe672fcNabZa3JriwuuFySws6n9mb6LCdztC22xCq1bl5n1hLDDnboeI/TWECaJVQIHTr8yQFwt4AKNgKyxplF0pVT9aoAAAAA</xades:EncapsulatedTimeStamp>
                        </xades:SignatureTimeStamp>
                        <xades:CertificateValues xmlns:xades="http://uri.etsi.org/01903/v1.3.2#">
                            <xades:EncapsulatedX509Certificate Id="id-168ef7d05729874fab1a88705b09b5bb-RESPONDER_CERT">MIIEijCCA3KgAwIBAgIQaI8x6BnacYdNdNwlYnn/mzANBgkqhkiG9w0BAQUFADB9MQswCQYDVQQGEwJFRTEiMCAGA1UECgwZQVMgU2VydGlmaXRzZWVyaW1pc2tlc2t1czEwMC4GA1UEAwwnVEVTVCBvZiBFRSBDZXJ0aWZpY2F0aW9uIENlbnRyZSBSb290IENBMRgwFgYJKoZIhvcNAQkBFglwa2lAc2suZWUwHhcNMTEwMzA3MTMyMjQ1WhcNMjQwOTA3MTIyMjQ1WjCBgzELMAkGA1UEBhMCRUUxIjAgBgNVBAoMGUFTIFNlcnRpZml0c2VlcmltaXNrZXNrdXMxDTALBgNVBAsMBE9DU1AxJzAlBgNVBAMMHlRFU1Qgb2YgU0sgT0NTUCBSRVNQT05ERVIgMjAxMTEYMBYGCSqGSIb3DQEJARYJcGtpQHNrLmVlMIIBIjANBgkqhkiG9w0BAQEFAAOCAQ8AMIIBCgKCAQEA0cw6Cja17BbYbHi6frwccDI4BIQLk/fiCE8L45os0xhPgEGR+EHE8LPCIqofPgf4gwN1vDE6cQNUlK0Od+Ush39i9Z45esnfpGq+2HsDJaFmFr5+uC1MEz5Kn1TazEvKbRjkGnSQ9BertlGer2BlU/kqOk5qA5RtJfhT0psc1ixKdPipv59wnf+nHx1+T+fPWndXVZLoDg4t3w8lIvIE/KhOSMlErvBIHIAKV7yH1hOxyeGLghqzMiAn3UeTEOgoOS9URv0C/T5C3mH+Y/uakMSxjNuz41PneimCzbEJZJRiEaMIj8qPAubcbL8GtY03MWmfNtX6/wh6u6TMfW8S2wIDAQABo4H+MIH7MBYGA1UdJQEB/wQMMAoGCCsGAQUFBwMJMB0GA1UdDgQWBBR9/5CuRokEgGiqSzYuZGYAogl8TzCBoAYDVR0gBIGYMIGVMIGSBgorBgEEAc4fAwEBMIGDMFgGCCsGAQUFBwICMEweSgBBAGkAbgB1AGwAdAAgAHQAZQBzAHQAaQBtAGkAcwBlAGsAcwAuACAATwBuAGwAeQAgAGYAbwByACAAdABlAHMAdABpAG4AZwAuMCcGCCsGAQUFBwIBFhtodHRwOi8vd3d3LnNrLmVlL2FqYXRlbXBlbC8wHwYDVR0jBBgwFoAUtTQKnaUvEMXnIQ6+xLFlRxsDdv4wDQYJKoZIhvcNAQEFBQADggEBAAbaj7kTruTAPHqToye9ZtBdaJ3FZjiKug9/5RjsMwDpOeqFDqCorLd+DBI4tgdu0g4lhaI3aVnKdRBkGV18kqp84uU97JRFWQEf6H8hpJ9k/LzAACkP3tD+0ym+md532mV+nRz1Jj+RPLAUk9xYMV7KPczZN1xnl2wZDJwBbQpcSVH1DjlZv3tFLHBLIYTS6qOK4SxStcgRq7KdRczfW6mfXzTCRWM3G9nmDei5Q3+XTED41j8szRWglzYf6zOv4djkja64WYraQ5zb4x8Xh7qTCk6UupZ7je+0oRfuz0h/3zyRdjcRPkjloSpQp/NG8Rmrcnr874p8d9fdwCrRI7U=</xades:EncapsulatedX509Certificate>
                            <xades:EncapsulatedX509Certificate>MIIEFTCCAv2gAwIBAgIQTqz7bCP8W45UBZa7tztTTDANBgkqhkiG9w0BAQsFADB9MQswCQYDVQQGEwJFRTEiMCAGA1UECgwZQVMgU2VydGlmaXRzZWVyaW1pc2tlc2t1czEwMC4GA1UEAwwnVEVTVCBvZiBFRSBDZXJ0aWZpY2F0aW9uIENlbnRyZSBSb290IENBMRgwFgYJKoZIhvcNAQkBFglwa2lAc2suZWUwHhcNMTQwOTAyMTAwNjUxWhcNMjQwOTAyMTAwNjUxWjBdMQswCQYDVQQGEwJFRTEiMCAGA1UECgwZQVMgU2VydGlmaXRzZWVyaW1pc2tlc2t1czEMMAoGA1UECwwDVFNBMRwwGgYDVQQDDBNERU1PIG9mIFNLIFRTQSAyMDE0MIIBIjANBgkqhkiG9w0BAQEFAAOCAQ8AMIIBCgKCAQEAysgrVnVPxH8jNgCsJw0y+7fmmBDTM/tNB+xielnP9KcuQ+nyTgNu1JMpnry7Rh4ndr54rPLXNGVdb/vsgsi8B558DisPVUn3Rur3/8XQ+BCkhTQIg1cSmyCsWxJgeaQKJi6WGVaQWB2he35aVhL5F6ae/gzXT3sGGwnWujZkY9o5RapGV15+/b7Uv+7jWYFAxcD6ba5jI00RY/gmsWwKb226Rnz/pXKDBfuN3ox7y5/lZf5+MyIcVe1qJe7VAJGpJFjNq+BEEdvfqvJ1PiGQEDJAPhRqahVjBSzqZhJQoL3HI42NRCFwarvdnZYoCPxjeYpAynTHgNR7kKGX1iQ8OQIDAQABo4GwMIGtMA4GA1UdDwEB/wQEAwIGwDAWBgNVHSUBAf8EDDAKBggrBgEFBQcDCDAdBgNVHQ4EFgQUJwScZQxzlzySVqZXviXpKZDV5NwwHwYDVR0jBBgwFoAUtTQKnaUvEMXnIQ6+xLFlRxsDdv4wQwYDVR0fBDwwOjA4oDagNIYyaHR0cHM6Ly93d3cuc2suZWUvcmVwb3NpdG9yeS9jcmxzL3Rlc3RfZWVjY3JjYS5jcmwwDQYJKoZIhvcNAQELBQADggEBAIq02SVKwP1UolKjqAQe7SVY/Kgi++G2kqAd40UmMqa94GTu91LFZR5TvdoyZjjnQ2ioXh5CV2lflUy/lUrZMDpqEe7IbjZW5+b9n5aBvXYJgDua9SYjMOrcy3siytqq8UbNgh79ubYgWhHhJSnLWK5YJ+5vQjTpOMdRsLp/D+FhTUa6mP0UDY+U82/tFufkd9HW4zbalUWhQgnNYI3oo0CsZ0HExuynOOZmM1Bf8PzD6etlLSKkYB+mB77Omqgflzz+Jjyh45o+305MRzHDFeJZx7WxC+XTNWQ0ZFTFfc0ozxxzUWUlfNfpWyQh3+4LbeSQRWrNkbNRfCpYotyM6AY=</xades:EncapsulatedX509Certificate>
                            <xades:EncapsulatedX509Certificate>MIIEuzCCA6OgAwIBAgIQSxRID7FoIaNNdNhBeucLvDANBgkqhkiG9w0BAQUFADB9MQswCQYDVQQGEwJFRTEiMCAGA1UECgwZQVMgU2VydGlmaXRzZWVyaW1pc2tlc2t1czEwMC4GA1UEAwwnVEVTVCBvZiBFRSBDZXJ0aWZpY2F0aW9uIENlbnRyZSBSb290IENBMRgwFgYJKoZIhvcNAQkBFglwa2lAc2suZWUwHhcNMTEwMzA3MTMwNjA5WhcNMjMwOTA3MTIwNjA5WjBsMQswCQYDVQQGEwJFRTEiMCAGA1UECgwZQVMgU2VydGlmaXRzZWVyaW1pc2tlc2t1czEfMB0GA1UEAwwWVEVTVCBvZiBFU1RFSUQtU0sgMjAxMTEYMBYGCSqGSIb3DQEJARYJcGtpQHNrLmVlMIIBIjANBgkqhkiG9w0BAQEFAAOCAQ8AMIIBCgKCAQEA0SMr+A2QGMJuNpu60MgqKG0yLL7JfvjNtgs2hqWADDn1AQeD79o+8r4SRYp9kowSFA8E1v38XXTHRq3nSZeToOC5DMAWjsKlm4x8hwwp31BXCs/Hrl9VmikIgAlaHvv3Z+MzS6qeLdzyYi/glPVrY42A6/kBApOJlOVLvAFdySNmFkY+Ky7MZ9jbBr+Nx4py/V7xm9VD62Oe1lku4S4qd+VYcQ5jftbr4OFjBp9Nn58/5svQxrLjv3B67i19d7sNh7UPnMiO6BeBb6yb3P1lqdHofE1lElStIPViJlzjPOh4puxWadHDvVYUCJgW2aM58mTfjFhZbVfcrVn5OyIiTQIDAQABo4IBRjCCAUIwDwYDVR0TAQH/BAUwAwEB/zAOBgNVHQ8BAf8EBAMCAQYwgZkGA1UdIASBkTCBjjCBiwYKKwYBBAHOHwMBATB9MFgGCCsGAQUFBwICMEweSgBBAGkAbgB1AGwAdAAgAHQAZQBzAHQAaQBtAGkAcwBlAGsAcwAuACAATwBuAGwAeQAgAGYAbwByACAAdABlAHMAdABpAG4AZwAuMCEGCCsGAQUFBwIBFhVodHRwczovL3d3dy5zay5lZS9DUFMwHQYDVR0OBBYEFEG2/sWxsbRTE4z6+mLQNG1tIjQKMB8GA1UdIwQYMBaAFLU0Cp2lLxDF5yEOvsSxZUcbA3b+MEMGA1UdHwQ8MDowOKA2oDSGMmh0dHBzOi8vd3d3LnNrLmVlL3JlcG9zaXRvcnkvY3Jscy90ZXN0X2VlY2NyY2EuY3JsMA0GCSqGSIb3DQEBBQUAA4IBAQBdh5R23K7qkrO78j51xN6CR2qwxUcK/cgcTLWv0obPmJ7jRax3PX0pFhaUE6EhAR0dgS4u6XZrjPgVrt/mwq1h8lJP1MF2ueAHKyS0SGj7aFLkcC+ULwu1k6yiortFJ0Ds49ZGA+ioGzYWPQ+g1Zl4wSDIz52ot0cHUijnf39Szq7E2z7MDfZkYg8HZeHrO493EFghXcnSH7J7z47cgP3GWFNUKv1V2c0eVE4OxRulZ3KmBLPWbJKZ0TyGa/Aooc+TorEjxz//WzcF/Sklp4FeD0MU39UURIlg7LfEcm832bPzZzVGFd4drBd5Dy0Uquu63kW7RDqr+wQFSxKr9DIH</xades:EncapsulatedX509Certificate>
                        </xades:CertificateValues>
                        <xades:RevocationValues xmlns:xades="http://uri.etsi.org/01903/v1.3.2#">
                            <xades:OCSPValues>
                                <xades:EncapsulatedOCSPValue>MIICUgoBAKCCAkswggJHBgkrBgEFBQcwAQEEggI4MIICNDCCARyhgYYwgYMxCzAJBgNVBAYTAkVFMSIwIAYDVQQKDBlBUyBTZXJ0aWZpdHNlZXJpbWlza2Vza3VzMQ0wCwYDVQQLDARPQ1NQMScwJQYDVQQDDB5URVNUIG9mIFNLIE9DU1AgUkVTUE9OREVSIDIwMTExGDAWBgkqhkiG9w0BCQEWCXBraUBzay5lZRgPMjAxNjAyMDkxNTM4MDlaMGAwXjBJMAkGBSsOAwIaBQAEFJlSx0SY5H6TNo4LfCcJivmxW5RQBBRBtv7FsbG0UxOM+vpi0DRtbSI0CgIQSXxaK/qTYahTT77Z9I56EoAAGA8yMDE2MDIwOTE1MzgwOVqhHjAcMBoGCSsGAQUFBzABAgQNMTQ1NTAzMjI4OTAwNzANBgkqhkiG9w0BAQUFAAOCAQEAJsbUh7eGaVmOHNGZHt/mqfzx3+Pa5FVO7gahRxZWvZuWv3UjM/wxsAK9xqdtZaTmGmX5e89fCoSvPKqreEHsCrCyFh/wkuD797WVWR5CZc4sT0fFwWvrqmgnl2UFrBJr53+ATzLr7Ya4VrONZfMWFNGR13O5Han7hMw9sV5RDh38V76bH8gsh5I+WcXO8rkwaLXASAO+J2CPyMjFPygPqP0TzsyW+sy36GvU5SK+k8kQvbKq8h3PiXqlx+xG4WbSeWK3UNLqgNWfnj00mU1SGL0MF8+7bGCOsMkJfygrQitNfpTIQms5kSAHMDmMVYiQCQkW0fjbFJbrJj5OoYpW2Q==</xades:EncapsulatedOCSPValue>
                            </xades:OCSPValues>
                        </xades:RevocationValues>
                        <xades141:ArchiveTimeStamp Id="TS-3b53b537-cc44-4712-a4aa-7c9fd6d96884" xmlns:xades141="http://uri.etsi.org/01903/v1.4.1#">
                            <ds:CanonicalizationMethod Algorithm="http://www.w3.org/2001/10/xml-exc-c14n#"/>
                            <xades:EncapsulatedTimeStamp Id="ETS-3b53b537-cc44-4712-a4aa-7c9fd6d96884">MIAGCSqGSIb3DQEHAqCAMIIHugIBAzEPMA0GCWCGSAFlAwQCAwUAMGwGCyqGSIb3DQEJEAEEoF0EWzBZAgEBBgYEAI9nAQEwMTANBglghkgBZQMEAgEFAAQg0PY7FEhGMB9I+LrP1KLR2WROrLCOUzM0aip4lwD6N3ECCEy2Dt6f7IIsGA8yMDE2MDIwOTE1MzgwOVqgggQZMIIEFTCCAv2gAwIBAgIQTqz7bCP8W45UBZa7tztTTDANBgkqhkiG9w0BAQsFADB9MQswCQYDVQQGEwJFRTEiMCAGA1UECgwZQVMgU2VydGlmaXRzZWVyaW1pc2tlc2t1czEwMC4GA1UEAwwnVEVTVCBvZiBFRSBDZXJ0aWZpY2F0aW9uIENlbnRyZSBSb290IENBMRgwFgYJKoZIhvcNAQkBFglwa2lAc2suZWUwHhcNMTQwOTAyMTAwNjUxWhcNMjQwOTAyMTAwNjUxWjBdMQswCQYDVQQGEwJFRTEiMCAGA1UECgwZQVMgU2VydGlmaXRzZWVyaW1pc2tlc2t1czEMMAoGA1UECwwDVFNBMRwwGgYDVQQDDBNERU1PIG9mIFNLIFRTQSAyMDE0MIIBIjANBgkqhkiG9w0BAQEFAAOCAQ8AMIIBCgKCAQEAysgrVnVPxH8jNgCsJw0y+7fmmBDTM/tNB+xielnP9KcuQ+nyTgNu1JMpnry7Rh4ndr54rPLXNGVdb/vsgsi8B558DisPVUn3Rur3/8XQ+BCkhTQIg1cSmyCsWxJgeaQKJi6WGVaQWB2he35aVhL5F6ae/gzXT3sGGwnWujZkY9o5RapGV15+/b7Uv+7jWYFAxcD6ba5jI00RY/gmsWwKb226Rnz/pXKDBfuN3ox7y5/lZf5+MyIcVe1qJe7VAJGpJFjNq+BEEdvfqvJ1PiGQEDJAPhRqahVjBSzqZhJQoL3HI42NRCFwarvdnZYoCPxjeYpAynTHgNR7kKGX1iQ8OQIDAQABo4GwMIGtMA4GA1UdDwEB/wQEAwIGwDAWBgNVHSUBAf8EDDAKBggrBgEFBQcDCDAdBgNVHQ4EFgQUJwScZQxzlzySVqZXviXpKZDV5NwwHwYDVR0jBBgwFoAUtTQKnaUvEMXnIQ6+xLFlRxsDdv4wQwYDVR0fBDwwOjA4oDagNIYyaHR0cHM6Ly93d3cuc2suZWUvcmVwb3NpdG9yeS9jcmxzL3Rlc3RfZWVjY3JjYS5jcmwwDQYJKoZIhvcNAQELBQADggEBAIq02SVKwP1UolKjqAQe7SVY/Kgi++G2kqAd40UmMqa94GTu91LFZR5TvdoyZjjnQ2ioXh5CV2lflUy/lUrZMDpqEe7IbjZW5+b9n5aBvXYJgDua9SYjMOrcy3siytqq8UbNgh79ubYgWhHhJSnLWK5YJ+5vQjTpOMdRsLp/D+FhTUa6mP0UDY+U82/tFufkd9HW4zbalUWhQgnNYI3oo0CsZ0HExuynOOZmM1Bf8PzD6etlLSKkYB+mB77Omqgflzz+Jjyh45o+305MRzHDFeJZx7WxC+XTNWQ0ZFTFfc0ozxxzUWUlfNfpWyQh3+4LbeSQRWrNkbNRfCpYotyM6AYxggMXMIIDEwIBATCBkTB9MQswCQYDVQQGEwJFRTEiMCAGA1UECgwZQVMgU2VydGlmaXRzZWVyaW1pc2tlc2t1czEwMC4GA1UEAwwnVEVTVCBvZiBFRSBDZXJ0aWZpY2F0aW9uIENlbnRyZSBSb290IENBMRgwFgYJKoZIhvcNAQkBFglwa2lAc2suZWUCEE6s+2wj/FuOVAWWu7c7U0wwDQYJYIZIAWUDBAIDBQCgggFWMBoGCSqGSIb3DQEJAzENBgsqhkiG9w0BCRABBDAcBgkqhkiG9w0BCQUxDxcNMTYwMjA5MTUzODA5WjBPBgkqhkiG9w0BCQQxQgRAaeRqyz6dgqEhxfHWu8bqZ348F0KhxQk97xlx3zyVEHM2YswhPi5RRUlgdIJLyGc5aPrTAsXoK0xTLD4tSCzCbzCByAYLKoZIhvcNAQkQAgwxgbgwgbUwgbIwga8EFAKxl+94ruFx9qFHX1DqzGVx8fwLMIGWMIGBpH8wfTELMAkGA1UEBhMCRUUxIjAgBgNVBAoMGUFTIFNlcnRpZml0c2VlcmltaXNrZXNrdXMxMDAuBgNVBAMMJ1RFU1Qgb2YgRUUgQ2VydGlmaWNhdGlvbiBDZW50cmUgUm9vdCBDQTEYMBYGCSqGSIb3DQEJARYJcGtpQHNrLmVlAhBOrPtsI/xbjlQFlru3O1NMMA0GCSqGSIb3DQEBAQUABIIBAL7o/XvMwUx4tAS9i+B1dOxEQEkeVMwKII1LkK2hxH8PR3zOEIZrlQjmjILXyrVzozVyOD+6xacWE/XOD1uyY67xOzemw4D8VUbygjx4ItRSL81PkIvounlWIRgEE/pCQECKifUwBevHRcqt8AjGdw0dZNd6UxbtRC+tNHQ25zTa0V9+BCgdYAy2AxFITDYFPUp9E9pggo47CablL8Gvu3zAj6usl7zeMH9+8e2AHZK2erwor/XlEvMAN0AcFzqcaERLNRz1kC3upS/y/Uql7eMbXPvV0OpFMPrkpQYHEvowH2gp3m+xhmh4cn7u3xHqPkAM2YzLYmU0IH1Pp3DfcLwAAAAA</xades:EncapsulatedTimeStamp>
                        </xades141:ArchiveTimeStamp>
                    </xades:UnsignedSignatureProperties>
                </xades:UnsignedProperties>
            </xades:QualifyingProperties>
        </ds:Object>
    </ds:Signature>
</asic:XAdESSignatures>