<?xml version="1.0" encoding="UTF-8"?>
<asic:XAdESSignatures xmlns:asic="http://uri.etsi.org/02918/v1.2.1#">
    <ds:Signature Id="id-693869a500c60f0dc262f7287f033d5d" xmlns:ds="http://www.w3.org/2000/09/xmldsig#">
        <ds:SignedInfo>
            <ds:CanonicalizationMethod Algorithm="http://www.w3.org/2001/10/xml-exc-c14n#"/>
            <ds:SignatureMethod Algorithm="http://www.w3.org/2001/04/xmldsig-more#rsa-sha256"/>
            <ds:Reference Id="r-id-1" Type="" URI="test.txt">
                <ds:DigestMethod Algorithm="http://www.w3.org/2001/04/xmlenc#sha256"/>
                <ds:DigestValue>RqDqtqi3rTsWj07rrWc5kATAZIw7T1XHP/NPLCF05RU=</ds:DigestValue>
            </ds:Reference>
            <ds:Reference Type="http://uri.etsi.org/01903#SignedProperties" URI="#xades-id-693869a500c60f0dc262f7287f033d5d">
                <ds:Transforms>
                    <ds:Transform Algorithm="http://www.w3.org/2001/10/xml-exc-c14n#"/>
                </ds:Transforms>
                <ds:DigestMethod Algorithm="http://www.w3.org/2001/04/xmlenc#sha256"/>
                <ds:DigestValue>bM3m2h/xPCZ3COX5p1Kfc40aitc+YbBtKcWNEsZtcmg=</ds:DigestValue>
            </ds:Reference>
        </ds:SignedInfo>
        <ds:SignatureValue Id="value-id-693869a500c60f0dc262f7287f033d5d">TUvVNZ4YvClZ+uCcqRdXlM9xJY6VWZFctc3HHdmPBDzeVJjnR4+iVPEo4hsmzdGoUWYY2II5yTzcqAX6Rv35nDzADX8jBu5TVCNxwjAwQIaccjbM0kWjSdLC7T01m6RTuH56sz4nup94JQJh5Cz/XIUC2WCVcSTpINsoSGTlf/ywhHokNyOMtn3J+GKVSBlXO8KYcQ11+j3BOht9atw6aNbrSx0oIs/Ss7YCr9F7ERcvbAGMZvIOSOca9crh88aUKlOrJmXlKSRdZT/6p4vsvmwlWjZKP3Y+lAdtS/sI9YZ8l23087Rh6C4wF5Shc18nsClMT6EBQ6qgrmbsKDM0AQ==</ds:SignatureValue>
        <ds:KeyInfo>
            <ds:X509Data>
                <ds:X509Certificate>MIIFEzCCA/ugAwIBAgIQSXxaK/qTYahTT77Z9I56EjANBgkqhkiG9w0BAQUFADBsMQswCQYDVQQGEwJFRTEiMCAGA1UECgwZQVMgU2VydGlmaXRzZWVyaW1pc2tlc2t1czEfMB0GA1UEAwwWVEVTVCBvZiBFU1RFSUQtU0sgMjAxMTEYMBYGCSqGSIb3DQEJARYJcGtpQHNrLmVlMB4XDTE0MDQxNzExNDUyOVoXDTE2MDQxMjIwNTk1OVowgbQxCzAJBgNVBAYTAkVFMQ8wDQYDVQQKDAZFU1RFSUQxGjAYBgNVBAsMEWRpZ2l0YWwgc2lnbmF0dXJlMTEwLwYDVQQDDCjFvcOVUklOw5xXxaBLWSxNw4RSw5wtTMOWw5ZaLDExNDA0MTc2ODY1MRcwFQYDVQQEDA7FvcOVUklOw5xXxaBLWTEWMBQGA1UEKgwNTcOEUsOcLUzDlsOWWjEUMBIGA1UEBRMLMTE0MDQxNzY4NjUwggEiMA0GCSqGSIb3DQEBAQUAA4IBDwAwggEKAoIBAQChn9qVaA+x3RkDBrD5ujwfnreK5/Nb+Nvo9Vg5OLMn3JKUoUhFX6A/q5lBUylK/CU/lNRTv/kicqnu1aCyAiW0XVYk8jrOI1wRbHeyBMq/5gVm/vbbRtMi/XGLkgMZ5UDxY0QZfmu8wlRJ8164zRNocuUJLLXWOB6vda2RRXC3Cix4TDvQwGmPrQQJ8dzDIJEkLS7NCLBTcndm7buQegRc043gKMjUmRhGZEzF4oJa4pMfXqeSa+PUtrNyNNNQaOwTH29R8aFfGU2xorVvxoUieNipyWMEz8BTUGwwIceapWi77loBV/VQfStXnQNu/s6BC04ss43O6sK70MB1qlRZAgMBAAGjggFmMIIBYjAJBgNVHRMEAjAAMA4GA1UdDwEB/wQEAwIGQDCBmQYDVR0gBIGRMIGOMIGLBgorBgEEAc4fAwEBMH0wWAYIKwYBBQUHAgIwTB5KAEEAaQBuAHUAbAB0ACAAdABlAHMAdABpAG0AaQBzAGUAawBzAC4AIABPAG4AbAB5ACAAZgBvAHIAIAB0AGUAcwB0AGkAbgBnAC4wIQYIKwYBBQUHAgEWFWh0dHA6Ly93d3cuc2suZWUvY3BzLzAdBgNVHQ4EFgQUEjVsOkaNOGG0GlcF4icqxL0u4YcwIgYIKwYBBQUHAQMEFjAUMAgGBgQAjkYBATAIBgYEAI5GAQQwHwYDVR0jBBgwFoAUQbb+xbGxtFMTjPr6YtA0bW0iNAowRQYDVR0fBD4wPDA6oDigNoY0aHR0cDovL3d3dy5zay5lZS9yZXBvc2l0b3J5L2NybHMvdGVzdF9lc3RlaWQyMDExLmNybDANBgkqhkiG9w0BAQUFAAOCAQEAYTJLbScA3+Xh/s29Qoc0cLjXW3SVkFP/U71/CCIBQ0ygmCAXiQIp/7X7JonY4aDz5uTmq742zZgq5FA3c3b4NtRzoiJXFUWQWZOPE6Ep4Y07Lpbn04sypRKbVEN9TZwDy3elVq84BcX/7oQYliTgj5EaUvpe7MIvkK4DWwrk2ffx9GRW+qQzzjn+OLhFJbT/QWi81Q2CrX34GmYGrDTC/thqr5WoPELKRg6a0v3mvOCVtfIxJx7NKK4B6PGhuTl83hGzTc+Wwbaxwjqzl/SUwCNd2R8GV8EkhYH8Kay3Ac7Qx3agrJJ6H8j+h+nCKLjIdYImvnznKyR0N2CRc/zQ+g==</ds:X509Certificate>
            </ds:X509Data>
        </ds:KeyInfo>
        <ds:Object>
            <xades:QualifyingProperties Target="#id-693869a500c60f0dc262f7287f033d5d" xmlns:xades="http://uri.etsi.org/01903/v1.3.2#">
                <xades:SignedProperties Id="xades-id-693869a500c60f0dc262f7287f033d5d">
                    <xades:SignedSignatureProperties>
                        <xades:SigningTime>2016-02-08T10:46:40Z</xades:SigningTime>
                        <xades:SigningCertificate>
                            <xades:Cert>
                                <xades:CertDigest>
                                    <ds:DigestMethod Algorithm="http://www.w3.org/2001/04/xmlenc#sha256"/>
                                    <ds:DigestValue>lxzB/OvDmQQFJTyQu2qz1k97hHhYTar2xeGkss8dLEg=</ds:DigestValue>
                                </xades:CertDigest>
                                <xades:IssuerSerial>
                                    <ds:X509IssuerName>1.2.840.113549.1.9.1=#1609706b6940736b2e6565,CN=TEST of ESTEID-SK 2011,O=AS Sertifitseerimiskeskus,C=EE</ds:X509IssuerName>
                                    <ds:X509SerialNumber>97679317403981919837045055800589842962</ds:X509SerialNumber>
                                </xades:IssuerSerial>
                            </xades:Cert>
                        </xades:SigningCertificate>
                        <xades:SignatureProductionPlace>
                            <xades:City>Tallinn</xades:City>
                            <xades:PostalCode>13456</xades:PostalCode>
                            <xades:StateOrProvince>Harjumaa</xades:StateOrProvince>
                            <xades:CountryName>Estonia</xades:CountryName>
                        </xades:SignatureProductionPlace>
                        <xades:SignerRole>
                            <xades:ClaimedRoles>
                                <xades:ClaimedRole>Manager</xades:ClaimedRole>
                                <xades:ClaimedRole>Suspicious Fisherman</xades:ClaimedRole>
                            </xades:ClaimedRoles>
                        </xades:SignerRole>
                    </xades:SignedSignatureProperties>
                    <xades:SignedDataObjectProperties>
                        <xades:DataObjectFormat ObjectReference="#r-id-1">
                            <xades:MimeType>text/plain</xades:MimeType>
                        </xades:DataObjectFormat>
                    </xades:SignedDataObjectProperties>
                </xades:SignedProperties>
            </xades:QualifyingProperties>
        </ds:Object>
    </ds:Signature>
</asic:XAdESSignatures>