<?xml version="1.0" encoding="UTF-8"?>
<asic:XAdESSignatures xmlns:asic="http://uri.etsi.org/02918/v1.2.1#">
    <ds:Signature Id="id-a4fc49d6d0d7f647f6f2f4edde485943" xmlns:ds="http://www.w3.org/2000/09/xmldsig#">
        <ds:SignedInfo>
            <ds:CanonicalizationMethod Algorithm="http://www.w3.org/2001/10/xml-exc-c14n#"/>
            <ds:SignatureMethod Algorithm="http://www.w3.org/2001/04/xmldsig-more#rsa-sha256"/>
            <ds:Reference Id="r-id-1" Type="" URI="junit2144119992292491929.tmp">
                <ds:DigestMethod Algorithm="http://www.w3.org/2001/04/xmlenc#sha256"/>
                <ds:DigestValue>hwqwUmS6kfj7vqt438kOxih+3Yzsl9sHDi/zrwQ5p1Y=</ds:DigestValue>
            </ds:Reference>
            <ds:Reference Type="http://uri.etsi.org/01903#SignedProperties" URI="#xades-id-a4fc49d6d0d7f647f6f2f4edde485943">
                <ds:Transforms>
                    <ds:Transform Algorithm="http://www.w3.org/2001/10/xml-exc-c14n#"/>
                </ds:Transforms>
                <ds:DigestMethod Algorithm="http://www.w3.org/2001/04/xmlenc#sha256"/>
                <ds:DigestValue>RnGF9Q7eYFZO32cowlxpVhmvVAdDOPR4WBPDHNtmeMI=</ds:DigestValue>
            </ds:Reference>
        </ds:SignedInfo>
        <ds:SignatureValue Id="value-id-a4fc49d6d0d7f647f6f2f4edde485943">luvjsi1+1iLN9yfDFEh/BE8hXtAKhAIxilv0SEk8Qk0yoM9ms/Qsq6OtFoTFZfmpZNQtmEDg6ADeVNUfZrAoozSbqGggNP9pZLv0pQ6fvkoUjV0XI3FP5PuICuRp0vfC2w024cG/Rw2XGfZTcDWZ3IWVaS/C9tqbvA7l0Ssa8W9wUit2H5msNMyyviHJFW7m9yfjdMZe9ebPw9HGSHjnRGbzl7myUIZyWtlD5mqnk/tcU13+lD6DBYkGSW5eu125W1BMojH3sIRrKhEdZxkgwtg6KEuWQ85OQBMF3X5zFB62caKqKo42HfV74EcbaBChhJ32226VZju+JKN9D+WUeQ==</ds:SignatureValue>
        <ds:KeyInfo>
            <ds:X509Data>
                <ds:X509Certificate>MIIFEzCCA/ugAwIBAgIQSXxaK/qTYahTT77Z9I56EjANBgkqhkiG9w0BAQUFADBsMQswCQYDVQQGEwJFRTEiMCAGA1UECgwZQVMgU2VydGlmaXRzZWVyaW1pc2tlc2t1czEfMB0GA1UEAwwWVEVTVCBvZiBFU1RFSUQtU0sgMjAxMTEYMBYGCSqGSIb3DQEJARYJcGtpQHNrLmVlMB4XDTE0MDQxNzExNDUyOVoXDTE2MDQxMjIwNTk1OVowgbQxCzAJBgNVBAYTAkVFMQ8wDQYDVQQKDAZFU1RFSUQxGjAYBgNVBAsMEWRpZ2l0YWwgc2lnbmF0dXJlMTEwLwYDVQQDDCjFvcOVUklOw5xXxaBLWSxNw4RSw5wtTMOWw5ZaLDExNDA0MTc2ODY1MRcwFQYDVQQEDA7FvcOVUklOw5xXxaBLWTEWMBQGA1UEKgwNTcOEUsOcLUzDlsOWWjEUMBIGA1UEBRMLMTE0MDQxNzY4NjUwggEiMA0GCSqGSIb3DQEBAQUAA4IBDwAwggEKAoIBAQChn9qVaA+x3RkDBrD5ujwfnreK5/Nb+Nvo9Vg5OLMn3JKUoUhFX6A/q5lBUylK/CU/lNRTv/kicqnu1aCyAiW0XVYk8jrOI1wRbHeyBMq/5gVm/vbbRtMi/XGLkgMZ5UDxY0QZfmu8wlRJ8164zRNocuUJLLXWOB6vda2RRXC3Cix4TDvQwGmPrQQJ8dzDIJEkLS7NCLBTcndm7buQegRc043gKMjUmRhGZEzF4oJa4pMfXqeSa+PUtrNyNNNQaOwTH29R8aFfGU2xorVvxoUieNipyWMEz8BTUGwwIceapWi77loBV/VQfStXnQNu/s6BC04ss43O6sK70MB1qlRZAgMBAAGjggFmMIIBYjAJBgNVHRMEAjAAMA4GA1UdDwEB/wQEAwIGQDCBmQYDVR0gBIGRMIGOMIGLBgorBgEEAc4fAwEBMH0wWAYIKwYBBQUHAgIwTB5KAEEAaQBuAHUAbAB0ACAAdABlAHMAdABpAG0AaQBzAGUAawBzAC4AIABPAG4AbAB5ACAAZgBvAHIAIAB0AGUAcwB0AGkAbgBnAC4wIQYIKwYBBQUHAgEWFWh0dHA6Ly93d3cuc2suZWUvY3BzLzAdBgNVHQ4EFgQUEjVsOkaNOGG0GlcF4icqxL0u4YcwIgYIKwYBBQUHAQMEFjAUMAgGBgQAjkYBATAIBgYEAI5GAQQwHwYDVR0jBBgwFoAUQbb+xbGxtFMTjPr6YtA0bW0iNAowRQYDVR0fBD4wPDA6oDigNoY0aHR0cDovL3d3dy5zay5lZS9yZXBvc2l0b3J5L2NybHMvdGVzdF9lc3RlaWQyMDExLmNybDANBgkqhkiG9w0BAQUFAAOCAQEAYTJLbScA3+Xh/s29Qoc0cLjXW3SVkFP/U71/CCIBQ0ygmCAXiQIp/7X7JonY4aDz5uTmq742zZgq5FA3c3b4NtRzoiJXFUWQWZOPE6Ep4Y07Lpbn04sypRKbVEN9TZwDy3elVq84BcX/7oQYliTgj5EaUvpe7MIvkK4DWwrk2ffx9GRW+qQzzjn+OLhFJbT/QWi81Q2CrX34GmYGrDTC/thqr5WoPELKRg6a0v3mvOCVtfIxJx7NKK4B6PGhuTl83hGzTc+Wwbaxwjqzl/SUwCNd2R8GV8EkhYH8Kay3Ac7Qx3agrJJ6H8j+h+nCKLjIdYImvnznKyR0N2CRc/zQ+g==</ds:X509Certificate>
            </ds:X509Data>
        </ds:KeyInfo>
        <ds:Object>
            <xades:QualifyingProperties Target="#id-a4fc49d6d0d7f647f6f2f4edde485943" xmlns:xades="http://uri.etsi.org/01903/v1.3.2#">
                <xades:SignedProperties Id="xades-id-a4fc49d6d0d7f647f6f2f4edde485943">
                    <xades:SignedSignatureProperties>
                        <xades:SigningTime>2016-02-05T15:19:39Z</xades:SigningTime>
                        <xades:SigningCertificate>
                            <xades:Cert>
                                <xades:CertDigest>
                                    <ds:DigestMethod Algorithm="http://www.w3.org/2001/04/xmlenc#sha256"/>
                                    <ds:DigestValue>lxzB/OvDmQQFJTyQu2qz1k97hHhYTar2xeGkss8dLEg=</ds:DigestValue>
                                </xades:CertDigest>
                                <xades:IssuerSerial>
                                    <ds:X509IssuerName>1.2.840.113549.1.9.1=#1609706b6940736b2e6565,CN=TEST of ESTEID-SK 2011,O=AS Sertifitseerimiskeskus,C=EE</ds:X509IssuerName>
                                    <ds:X509SerialNumber>97679317403981919837045055800589842962</ds:X509SerialNumber>
                                </xades:IssuerSerial>
                            </xades:Cert>
                        </xades:SigningCertificate>
                        <xades:SignaturePolicyIdentifier>
                            <xades:SignaturePolicyId>
                                <xades:SigPolicyId>
                                    <xades:Identifier Qualifier="OIDAsURN">
                                        urn:oid:1.3.6.1.4.1.10015.1000.3.2.1</xades:Identifier>
                                </xades:SigPolicyId>
                                <xades:SigPolicyHash>
                                    <ds:DigestMethod Algorithm="http://www.w3.org/2001/04/xmlenc#sha256"/>
                                    <ds:DigestValue>3Tl1oILSvOAWomdI9VeWV6IA/32eSXRUri9kPEz1IVs=</ds:DigestValue>
                                </xades:SigPolicyHash>
                                <xades:SigPolicyQualifiers>
                                    <xades:SigPolicyQualifier>
                                        <xades:SPURI>https://www.sk.ee/repository/bdoc-spec21.pdf</xades:SPURI>
                                    </xades:SigPolicyQualifier>
                                </xades:SigPolicyQualifiers>
                            </xades:SignaturePolicyId>
                        </xades:SignaturePolicyIdentifier>
                    </xades:SignedSignatureProperties>
                    <xades:SignedDataObjectProperties>
                        <xades:DataObjectFormat ObjectReference="#r-id-1">
                            <xades:MimeType>text/plain</xades:MimeType>
                        </xades:DataObjectFormat>
                    </xades:SignedDataObjectProperties>
                </xades:SignedProperties>
                <xades:UnsignedProperties>
                    <xades:UnsignedSignatureProperties>
                        <xades:CertificateValues>
                            <xades:EncapsulatedX509Certificate>MIIEuzCCA6OgAwIBAgIQSxRID7FoIaNNdNhBeucLvDANBgkqhkiG9w0BAQUFADB9MQswCQYDVQQGEwJFRTEiMCAGA1UECgwZQVMgU2VydGlmaXRzZWVyaW1pc2tlc2t1czEwMC4GA1UEAwwnVEVTVCBvZiBFRSBDZXJ0aWZpY2F0aW9uIENlbnRyZSBSb290IENBMRgwFgYJKoZIhvcNAQkBFglwa2lAc2suZWUwHhcNMTEwMzA3MTMwNjA5WhcNMjMwOTA3MTIwNjA5WjBsMQswCQYDVQQGEwJFRTEiMCAGA1UECgwZQVMgU2VydGlmaXRzZWVyaW1pc2tlc2t1czEfMB0GA1UEAwwWVEVTVCBvZiBFU1RFSUQtU0sgMjAxMTEYMBYGCSqGSIb3DQEJARYJcGtpQHNrLmVlMIIBIjANBgkqhkiG9w0BAQEFAAOCAQ8AMIIBCgKCAQEA0SMr+A2QGMJuNpu60MgqKG0yLL7JfvjNtgs2hqWADDn1AQeD79o+8r4SRYp9kowSFA8E1v38XXTHRq3nSZeToOC5DMAWjsKlm4x8hwwp31BXCs/Hrl9VmikIgAlaHvv3Z+MzS6qeLdzyYi/glPVrY42A6/kBApOJlOVLvAFdySNmFkY+Ky7MZ9jbBr+Nx4py/V7xm9VD62Oe1lku4S4qd+VYcQ5jftbr4OFjBp9Nn58/5svQxrLjv3B67i19d7sNh7UPnMiO6BeBb6yb3P1lqdHofE1lElStIPViJlzjPOh4puxWadHDvVYUCJgW2aM58mTfjFhZbVfcrVn5OyIiTQIDAQABo4IBRjCCAUIwDwYDVR0TAQH/BAUwAwEB/zAOBgNVHQ8BAf8EBAMCAQYwgZkGA1UdIASBkTCBjjCBiwYKKwYBBAHOHwMBATB9MFgGCCsGAQUFBwICMEweSgBBAGkAbgB1AGwAdAAgAHQAZQBzAHQAaQBtAGkAcwBlAGsAcwAuACAATwBuAGwAeQAgAGYAbwByACAAdABlAHMAdABpAG4AZwAuMCEGCCsGAQUFBwIBFhVodHRwczovL3d3dy5zay5lZS9DUFMwHQYDVR0OBBYEFEG2/sWxsbRTE4z6+mLQNG1tIjQKMB8GA1UdIwQYMBaAFLU0Cp2lLxDF5yEOvsSxZUcbA3b+MEMGA1UdHwQ8MDowOKA2oDSGMmh0dHBzOi8vd3d3LnNrLmVlL3JlcG9zaXRvcnkvY3Jscy90ZXN0X2VlY2NyY2EuY3JsMA0GCSqGSIb3DQEBBQUAA4IBAQBdh5R23K7qkrO78j51xN6CR2qwxUcK/cgcTLWv0obPmJ7jRax3PX0pFhaUE6EhAR0dgS4u6XZrjPgVrt/mwq1h8lJP1MF2ueAHKyS0SGj7aFLkcC+ULwu1k6yiortFJ0Ds49ZGA+ioGzYWPQ+g1Zl4wSDIz52ot0cHUijnf39Szq7E2z7MDfZkYg8HZeHrO493EFghXcnSH7J7z47cgP3GWFNUKv1V2c0eVE4OxRulZ3KmBLPWbJKZ0TyGa/Aooc+TorEjxz//WzcF/Sklp4FeD0MU39UURIlg7LfEcm832bPzZzVGFd4drBd5Dy0Uquu63kW7RDqr+wQFSxKr9DIH</xades:EncapsulatedX509Certificate>
                            <xades:EncapsulatedX509Certificate Id="id-a4fc49d6d0d7f647f6f2f4edde485943-RESPONDER_CERT">MIIEijCCA3KgAwIBAgIQaI8x6BnacYdNdNwlYnn/mzANBgkqhkiG9w0BAQUFADB9MQswCQYDVQQGEwJFRTEiMCAGA1UECgwZQVMgU2VydGlmaXRzZWVyaW1pc2tlc2t1czEwMC4GA1UEAwwnVEVTVCBvZiBFRSBDZXJ0aWZpY2F0aW9uIENlbnRyZSBSb290IENBMRgwFgYJKoZIhvcNAQkBFglwa2lAc2suZWUwHhcNMTEwMzA3MTMyMjQ1WhcNMjQwOTA3MTIyMjQ1WjCBgzELMAkGA1UEBhMCRUUxIjAgBgNVBAoMGUFTIFNlcnRpZml0c2VlcmltaXNrZXNrdXMxDTALBgNVBAsMBE9DU1AxJzAlBgNVBAMMHlRFU1Qgb2YgU0sgT0NTUCBSRVNQT05ERVIgMjAxMTEYMBYGCSqGSIb3DQEJARYJcGtpQHNrLmVlMIIBIjANBgkqhkiG9w0BAQEFAAOCAQ8AMIIBCgKCAQEA0cw6Cja17BbYbHi6frwccDI4BIQLk/fiCE8L45os0xhPgEGR+EHE8LPCIqofPgf4gwN1vDE6cQNUlK0Od+Ush39i9Z45esnfpGq+2HsDJaFmFr5+uC1MEz5Kn1TazEvKbRjkGnSQ9BertlGer2BlU/kqOk5qA5RtJfhT0psc1ixKdPipv59wnf+nHx1+T+fPWndXVZLoDg4t3w8lIvIE/KhOSMlErvBIHIAKV7yH1hOxyeGLghqzMiAn3UeTEOgoOS9URv0C/T5C3mH+Y/uakMSxjNuz41PneimCzbEJZJRiEaMIj8qPAubcbL8GtY03MWmfNtX6/wh6u6TMfW8S2wIDAQABo4H+MIH7MBYGA1UdJQEB/wQMMAoGCCsGAQUFBwMJMB0GA1UdDgQWBBR9/5CuRokEgGiqSzYuZGYAogl8TzCBoAYDVR0gBIGYMIGVMIGSBgorBgEEAc4fAwEBMIGDMFgGCCsGAQUFBwICMEweSgBBAGkAbgB1AGwAdAAgAHQAZQBzAHQAaQBtAGkAcwBlAGsAcwAuACAATwBuAGwAeQAgAGYAbwByACAAdABlAHMAdABpAG4AZwAuMCcGCCsGAQUFBwIBFhtodHRwOi8vd3d3LnNrLmVlL2FqYXRlbXBlbC8wHwYDVR0jBBgwFoAUtTQKnaUvEMXnIQ6+xLFlRxsDdv4wDQYJKoZIhvcNAQEFBQADggEBAAbaj7kTruTAPHqToye9ZtBdaJ3FZjiKug9/5RjsMwDpOeqFDqCorLd+DBI4tgdu0g4lhaI3aVnKdRBkGV18kqp84uU97JRFWQEf6H8hpJ9k/LzAACkP3tD+0ym+md532mV+nRz1Jj+RPLAUk9xYMV7KPczZN1xnl2wZDJwBbQpcSVH1DjlZv3tFLHBLIYTS6qOK4SxStcgRq7KdRczfW6mfXzTCRWM3G9nmDei5Q3+XTED41j8szRWglzYf6zOv4djkja64WYraQ5zb4x8Xh7qTCk6UupZ7je+0oRfuz0h/3zyRdjcRPkjloSpQp/NG8Rmrcnr874p8d9fdwCrRI7U=</xades:EncapsulatedX509Certificate>
                        </xades:CertificateValues>
                        <xades:RevocationValues>
                            <xades:OCSPValues>
                                <xades:EncapsulatedOCSPValue>MIICeAoBAKCCAnEwggJtBgkrBgEFBQcwAQEEggJeMIICWjCCAUKhgYYwgYMxCzAJBgNVBAYTAkVFMSIwIAYDVQQKDBlBUyBTZXJ0aWZpdHNlZXJpbWlza2Vza3VzMQ0wCwYDVQQLDARPQ1NQMScwJQYDVQQDDB5URVNUIG9mIFNLIE9DU1AgUkVTUE9OREVSIDIwMTExGDAWBgkqhkiG9w0BCQEWCXBraUBzay5lZRgPMjAxNjAyMDUxNTE5NDBaMGAwXjBJMAkGBSsOAwIaBQAEFJlSx0SY5H6TNo4LfCcJivmxW5RQBBRBtv7FsbG0UxOM+vpi0DRtbSI0CgIQSXxaK/qTYahTT77Z9I56EoAAGA8yMDE2MDIwNTE1MTk0MFqhRDBCMEAGCSsGAQUFBzABAgQzMDEwDQYJYIZIAWUDBAIBBQAEIAaXTboFmxDviw4OD0ab0u8ATRwEJXpfIMUslBChC6RcMA0GCSqGSIb3DQEBBQUAA4IBAQBnaau1OgemvGZ8jeRrIuIsIe35yl+MttbjZSznNjQw2epXyoBIUvTeuzvsHmp3qddvLJ720zTQw7admiYB8t/hI/uRT2ik9zEs6a8a8OZCMmXamkktoAKa5DoAnBYWkapneTN++mfTRt76CDNttBtUc4iuRRq3gAK8Ql1UmjsRgi1ZiKGEiTDBL/y9XqM3/q6vXRNlLiidT6Lpg+YylEZAoHzPwTM65hQKxKYqiciTfRJDotppBGOT7vw4YS85vHu7W+2u6g9vNG7T1MHH2oNsCI3D2X1CPw4K5Xjca8eU25lPGbQogMkj2a81MAhno3+wuONge5qrFDIc9RGFTCBC</xades:EncapsulatedOCSPValue>
                            </xades:OCSPValues>
                        </xades:RevocationValues>
                    </xades:UnsignedSignatureProperties>
                </xades:UnsignedProperties>
            </xades:QualifyingProperties>
        </ds:Object>
    </ds:Signature>
</asic:XAdESSignatures>